10-May-2021 16:23:47.909 INFO [localhost-startStop-2] org.apache.catalina.core.ApplicationContext.log 1 Spring WebApplicationInitializers detected on classpath
10-May-2021 16:30:00.334 SEVERE [localhost-startStop-1] org.apache.catalina.core.StandardContext.listenerStart Exception sending context initialized event to listener instance of class [org.artifactory.lifecycle.webapp.servlet.ArtifactoryHomeConfigListener]
	java.lang.IllegalStateException: Failed resolving master key; Missing master key
		at org.jfrog.security.common.KeyUtils.keyResolutionFailure(KeyUtils.java:152)
		at org.jfrog.security.common.KeyUtils.waitForKey(KeyUtils.java:81)
		at org.artifactory.storage.db.init.MasterKeyBootstrapUtil.getMasterKey(MasterKeyBootstrapUtil.java:188)
		at org.artifactory.storage.db.init.MasterKeyBootstrapUtil.handleMasterKey(MasterKeyBootstrapUtil.java:64)
		at org.artifactory.lifecycle.webapp.servlet.BasicConfigurationManager.initArtifactoryInstallation(BasicConfigurationManager.java:142)
		at org.artifactory.lifecycle.webapp.servlet.BasicConfigurationManager.initialize(BasicConfigurationManager.java:126)
		at org.artifactory.lifecycle.webapp.servlet.ArtifactoryHomeConfigListener.initBasicConfigManager(ArtifactoryHomeConfigListener.java:61)
		at org.artifactory.lifecycle.webapp.servlet.ArtifactoryHomeConfigListener.contextInitialized(ArtifactoryHomeConfigListener.java:53)
		at org.apache.catalina.core.StandardContext.listenerStart(StandardContext.java:4705)
		at org.apache.catalina.core.StandardContext.startInternal(StandardContext.java:5171)
		at org.apache.catalina.util.LifecycleBase.start(LifecycleBase.java:183)
		at org.apache.catalina.core.ContainerBase.addChildInternal(ContainerBase.java:743)
		at org.apache.catalina.core.ContainerBase.addChild(ContainerBase.java:719)
		at org.apache.catalina.core.StandardHost.addChild(StandardHost.java:705)
		at org.apache.catalina.startup.HostConfig.deployDescriptor(HostConfig.java:606)
		at org.apache.catalina.startup.HostConfig$DeployDescriptor.run(HostConfig.java:1766)
		at java.base/java.util.concurrent.Executors$RunnableAdapter.call(Executors.java:515)
		at java.base/java.util.concurrent.FutureTask.run(FutureTask.java:264)
		at java.base/java.util.concurrent.ThreadPoolExecutor.runWorker(ThreadPoolExecutor.java:1128)
		at java.base/java.util.concurrent.ThreadPoolExecutor$Worker.run(ThreadPoolExecutor.java:628)
		at java.base/java.lang.Thread.run(Thread.java:834)
10-May-2021 16:30:00.428 SEVERE [localhost-startStop-1] org.apache.catalina.core.StandardContext.listenerStart Exception sending context initialized event to listener instance of class [org.artifactory.lifecycle.webapp.servlet.ArtifactoryContextConfigListener]
	java.lang.IllegalStateException: Artifactory home not initialized.
		at org.artifactory.lifecycle.webapp.servlet.ArtifactoryContextConfigListener.getArtifactoryHome(ArtifactoryContextConfigListener.java:203)
		at org.artifactory.lifecycle.webapp.servlet.ArtifactoryContextConfigListener.setSessionTrackingMode(ArtifactoryContextConfigListener.java:184)
		at org.artifactory.lifecycle.webapp.servlet.ArtifactoryContextConfigListener.init(ArtifactoryContextConfigListener.java:101)
		at org.artifactory.lifecycle.webapp.servlet.ArtifactoryContextConfigListener.contextInitialized(ArtifactoryContextConfigListener.java:89)
		at org.apache.catalina.core.StandardContext.listenerStart(StandardContext.java:4705)
		at org.apache.catalina.core.StandardContext.startInternal(StandardContext.java:5171)
		at org.apache.catalina.util.LifecycleBase.start(LifecycleBase.java:183)
		at org.apache.catalina.core.ContainerBase.addChildInternal(ContainerBase.java:743)
		at org.apache.catalina.core.ContainerBase.addChild(ContainerBase.java:719)
		at org.apache.catalina.core.StandardHost.addChild(StandardHost.java:705)
		at org.apache.catalina.startup.HostConfig.deployDescriptor(HostConfig.java:606)
		at org.apache.catalina.startup.HostConfig$DeployDescriptor.run(HostConfig.java:1766)
		at java.base/java.util.concurrent.Executors$RunnableAdapter.call(Executors.java:515)
		at java.base/java.util.concurrent.FutureTask.run(FutureTask.java:264)
		at java.base/java.util.concurrent.ThreadPoolExecutor.runWorker(ThreadPoolExecutor.java:1128)
		at java.base/java.util.concurrent.ThreadPoolExecutor$Worker.run(ThreadPoolExecutor.java:628)
		at java.base/java.lang.Thread.run(Thread.java:834)
10-May-2021 16:30:07.821 INFO [localhost-startStop-2] org.apache.catalina.core.ApplicationContext.log Initializing Spring embedded WebApplicationContext
